0 info it worked if it ends with ok
1 verbose cli [ '/home/jensyn/.nvm/versions/v5.4.1/bin/node',
1 verbose cli   '/home/jensyn/.nvm/versions/v5.4.1/bin/npm',
1 verbose cli   'run',
1 verbose cli   'server' ]
2 info using npm@3.3.12
3 info using node@v5.4.1
4 verbose run-script [ 'preserver', 'server', 'postserver' ]
5 info lifecycle cs@1.0.0~preserver: cs@1.0.0
6 silly lifecycle cs@1.0.0~preserver: no script for preserver, continuing
7 info lifecycle cs@1.0.0~server: cs@1.0.0
8 verbose lifecycle cs@1.0.0~server: unsafe-perm in lifecycle true
9 verbose lifecycle cs@1.0.0~server: PATH: /home/jensyn/.nvm/versions/v5.4.1/lib/node_modules/npm/bin/node-gyp-bin:/home/jensyn/node-cs/node_modules/.bin:node_modules/.bin:node_modules/.bin:/usr/local/php/bin:/usr/local/php/sbin:/home/jensyn/.nvm/versions/v5.4.1/bin:/usr/local/bin:/bin:/usr/bin:/usr/local/sbin:/usr/sbin:/sbin:/home/jensyn/.composer/vendor/bin:/home/jensyn/bin
10 verbose lifecycle cs@1.0.0~server: CWD: /home/jensyn/node-cs
11 silly lifecycle cs@1.0.0~server: Args: [ '-c', 'node --harmony app.js' ]
12 silly lifecycle cs@1.0.0~server: Returned: code: 1  signal: null
13 info lifecycle cs@1.0.0~server: Failed to exec server script
14 verbose stack Error: cs@1.0.0 server: `node --harmony app.js`
14 verbose stack Exit status 1
14 verbose stack     at EventEmitter.<anonymous> (/home/jensyn/.nvm/versions/v5.4.1/lib/node_modules/npm/lib/utils/lifecycle.js:232:16)
14 verbose stack     at emitTwo (events.js:87:13)
14 verbose stack     at EventEmitter.emit (events.js:172:7)
14 verbose stack     at ChildProcess.<anonymous> (/home/jensyn/.nvm/versions/v5.4.1/lib/node_modules/npm/lib/utils/spawn.js:24:14)
14 verbose stack     at emitTwo (events.js:87:13)
14 verbose stack     at ChildProcess.emit (events.js:172:7)
14 verbose stack     at maybeClose (internal/child_process.js:821:16)
14 verbose stack     at Process.ChildProcess._handle.onexit (internal/child_process.js:211:5)
15 verbose pkgid cs@1.0.0
16 verbose cwd /home/jensyn/node-cs
17 error Linux 2.6.32-431.23.3.el6.i686
18 error argv "/home/jensyn/.nvm/versions/v5.4.1/bin/node" "/home/jensyn/.nvm/versions/v5.4.1/bin/npm" "run" "server"
19 error node v5.4.1
20 error npm  v3.3.12
21 error code ELIFECYCLE
22 error cs@1.0.0 server: `node --harmony app.js`
22 error Exit status 1
23 error Failed at the cs@1.0.0 server script 'node --harmony app.js'.
23 error Make sure you have the latest version of node.js and npm installed.
23 error If you do, this is most likely a problem with the cs package,
23 error not with npm itself.
23 error Tell the author that this fails on your system:
23 error     node --harmony app.js
23 error You can get their info via:
23 error     npm owner ls cs
23 error There is likely additional logging output above.
24 verbose exit [ 1, true ]
