[info] loading modules: constants, services, controllers, apis
[info] loading middlewares: error, session, render
[info] loading route config
[success] server started at 121.42.144.117:2111
undefined
ck5eKu4oznuJ4ds8uEfDebkOXnAizpjdBpAZtFTB
ck5eKu4oznuJ4ds8uEfDebkOXnAizpjdBpAZtFTB
ck5eKu4oznuJ4ds8uEfDebkOXnAizpjdBpAZtFTB
ck5eKu4oznuJ4ds8uEfDebkOXnAizpjdBpAZtFTB
ck5eKu4oznuJ4ds8uEfDebkOXnAizpjdBpAZtFTB
ck5eKu4oznuJ4ds8uEfDebkOXnAizpjdBpAZtFTB
ck5eKu4oznuJ4ds8uEfDebkOXnAizpjdBpAZtFTB
ck5eKu4oznuJ4ds8uEfDebkOXnAizpjdBpAZtFTB
ck5eKu4oznuJ4ds8uEfDebkOXnAizpjdBpAZtFTB
ck5eKu4oznuJ4ds8uEfDebkOXnAizpjdBpAZtFTB
ck5eKu4oznuJ4ds8uEfDebkOXnAizpjdBpAZtFTB
ck5eKu4oznuJ4ds8uEfDebkOXnAizpjdBpAZtFTB
ck5eKu4oznuJ4ds8uEfDebkOXnAizpjdBpAZtFTB
ck5eKu4oznuJ4ds8uEfDebkOXnAizpjdBpAZtFTB
Sbt6jlTvCieS1v2FiBxoE16gyVhOP7RDLtJGvqB6
Sbt6jlTvCieS1v2FiBxoE16gyVhOP7RDLtJGvqB6
Sbt6jlTvCieS1v2FiBxoE16gyVhOP7RDLtJGvqB6
Sbt6jlTvCieS1v2FiBxoE16gyVhOP7RDLtJGvqB6
Sbt6jlTvCieS1v2FiBxoE16gyVhOP7RDLtJGvqB6
Sbt6jlTvCieS1v2FiBxoE16gyVhOP7RDLtJGvqB6
Sbt6jlTvCieS1v2FiBxoE16gyVhOP7RDLtJGvqB6
Sbt6jlTvCieS1v2FiBxoE16gyVhOP7RDLtJGvqB6
Sbt6jlTvCieS1v2FiBxoE16gyVhOP7RDLtJGvqB6
Sbt6jlTvCieS1v2FiBxoE16gyVhOP7RDLtJGvqB6
Sbt6jlTvCieS1v2FiBxoE16gyVhOP7RDLtJGvqB6
Sbt6jlTvCieS1v2FiBxoE16gyVhOP7RDLtJGvqB6
Sbt6jlTvCieS1v2FiBxoE16gyVhOP7RDLtJGvqB6
Sbt6jlTvCieS1v2FiBxoE16gyVhOP7RDLtJGvqB6
Sbt6jlTvCieS1v2FiBxoE16gyVhOP7RDLtJGvqB6
Sbt6jlTvCieS1v2FiBxoE16gyVhOP7RDLtJGvqB6
Sbt6jlTvCieS1v2FiBxoE16gyVhOP7RDLtJGvqB6
Sbt6jlTvCieS1v2FiBxoE16gyVhOP7RDLtJGvqB6
Sbt6jlTvCieS1v2FiBxoE16gyVhOP7RDLtJGvqB6
Sbt6jlTvCieS1v2FiBxoE16gyVhOP7RDLtJGvqB6
[info] loading modules: constants, services, controllers, apis
[info] loading middlewares: error, session, render
[info] loading route config
[success] server started at 121.42.144.117:2111
undefined
F1eWT5QzbjQURQvUujsJytI2L7ZIkUL6MeSwk4UP
F1eWT5QzbjQURQvUujsJytI2L7ZIkUL6MeSwk4UP
F1eWT5QzbjQURQvUujsJytI2L7ZIkUL6MeSwk4UP
F1eWT5QzbjQURQvUujsJytI2L7ZIkUL6MeSwk4UP
F1eWT5QzbjQURQvUujsJytI2L7ZIkUL6MeSwk4UP
F1eWT5QzbjQURQvUujsJytI2L7ZIkUL6MeSwk4UP
F1eWT5QzbjQURQvUujsJytI2L7ZIkUL6MeSwk4UP
F1eWT5QzbjQURQvUujsJytI2L7ZIkUL6MeSwk4UP
F1eWT5QzbjQURQvUujsJytI2L7ZIkUL6MeSwk4UP
F1eWT5QzbjQURQvUujsJytI2L7ZIkUL6MeSwk4UP
F1eWT5QzbjQURQvUujsJytI2L7ZIkUL6MeSwk4UP
F1eWT5QzbjQURQvUujsJytI2L7ZIkUL6MeSwk4UP
F1eWT5QzbjQURQvUujsJytI2L7ZIkUL6MeSwk4UP
F1eWT5QzbjQURQvUujsJytI2L7ZIkUL6MeSwk4UP
F1eWT5QzbjQURQvUujsJytI2L7ZIkUL6MeSwk4UP
F1eWT5QzbjQURQvUujsJytI2L7ZIkUL6MeSwk4UP
F1eWT5QzbjQURQvUujsJytI2L7ZIkUL6MeSwk4UP
F1eWT5QzbjQURQvUujsJytI2L7ZIkUL6MeSwk4UP
F1eWT5QzbjQURQvUujsJytI2L7ZIkUL6MeSwk4UP
F1eWT5QzbjQURQvUujsJytI2L7ZIkUL6MeSwk4UP
F1eWT5QzbjQURQvUujsJytI2L7ZIkUL6MeSwk4UP
F1eWT5QzbjQURQvUujsJytI2L7ZIkUL6MeSwk4UP
F1eWT5QzbjQURQvUujsJytI2L7ZIkUL6MeSwk4UP
F1eWT5QzbjQURQvUujsJytI2L7ZIkUL6MeSwk4UP
F1eWT5QzbjQURQvUujsJytI2L7ZIkUL6MeSwk4UP
F1eWT5QzbjQURQvUujsJytI2L7ZIkUL6MeSwk4UP
F1eWT5QzbjQURQvUujsJytI2L7ZIkUL6MeSwk4UP
F1eWT5QzbjQURQvUujsJytI2L7ZIkUL6MeSwk4UP
F1eWT5QzbjQURQvUujsJytI2L7ZIkUL6MeSwk4UP
F1eWT5QzbjQURQvUujsJytI2L7ZIkUL6MeSwk4UP
undefined
VggvuJ3f6iaEoAiXbLQ7f17Ksfa0y1xUSu2Sqniy
VggvuJ3f6iaEoAiXbLQ7f17Ksfa0y1xUSu2Sqniy
VggvuJ3f6iaEoAiXbLQ7f17Ksfa0y1xUSu2Sqniy
VggvuJ3f6iaEoAiXbLQ7f17Ksfa0y1xUSu2Sqniy
VggvuJ3f6iaEoAiXbLQ7f17Ksfa0y1xUSu2Sqniy
undefined
Y4SnKz5dJbnwhF2AvH58AETG8cta47JWbmlRfTbq
Y4SnKz5dJbnwhF2AvH58AETG8cta47JWbmlRfTbq
Y4SnKz5dJbnwhF2AvH58AETG8cta47JWbmlRfTbq
Y4SnKz5dJbnwhF2AvH58AETG8cta47JWbmlRfTbq
F1eWT5QzbjQURQvUujsJytI2L7ZIkUL6MeSwk4UP
F1eWT5QzbjQURQvUujsJytI2L7ZIkUL6MeSwk4UP
F1eWT5QzbjQURQvUujsJytI2L7ZIkUL6MeSwk4UP
F1eWT5QzbjQURQvUujsJytI2L7ZIkUL6MeSwk4UP
F1eWT5QzbjQURQvUujsJytI2L7ZIkUL6MeSwk4UP
Y4SnKz5dJbnwhF2AvH58AETG8cta47JWbmlRfTbq
Mk7CzL1OaEdsh2tWdo0ziwt3Py6sQasXYe9uSJb3
Y4SnKz5dJbnwhF2AvH58AETG8cta47JWbmlRfTbq
Y4SnKz5dJbnwhF2AvH58AETG8cta47JWbmlRfTbq
Y4SnKz5dJbnwhF2AvH58AETG8cta47JWbmlRfTbq
Y4SnKz5dJbnwhF2AvH58AETG8cta47JWbmlRfTbq
Y4SnKz5dJbnwhF2AvH58AETG8cta47JWbmlRfTbq
Mk7CzL1OaEdsh2tWdo0ziwt3Py6sQasXYe9uSJb3
Y4SnKz5dJbnwhF2AvH58AETG8cta47JWbmlRfTbq
Mk7CzL1OaEdsh2tWdo0ziwt3Py6sQasXYe9uSJb3
Y4SnKz5dJbnwhF2AvH58AETG8cta47JWbmlRfTbq
undefined
LHznVf8YRZ3MI17nmFx3KsbvwtncjDYB7eN7YZW3
LHznVf8YRZ3MI17nmFx3KsbvwtncjDYB7eN7YZW3
LHznVf8YRZ3MI17nmFx3KsbvwtncjDYB7eN7YZW3
Mk7CzL1OaEdsh2tWdo0ziwt3Py6sQasXYe9uSJb3
Mk7CzL1OaEdsh2tWdo0ziwt3Py6sQasXYe9uSJb3
Uh9uQ6bL2Zd60YTeEGOoIrZmpBwWWT3IFlyPWGVR
Uh9uQ6bL2Zd60YTeEGOoIrZmpBwWWT3IFlyPWGVR
Uh9uQ6bL2Zd60YTeEGOoIrZmpBwWWT3IFlyPWGVR
AYnkgiHLzvHCWl5UtvKj653CqfDhjwq78HU1t19M
AYnkgiHLzvHCWl5UtvKj653CqfDhjwq78HU1t19M
LHznVf8YRZ3MI17nmFx3KsbvwtncjDYB7eN7YZW3
undefined
4GmIQJwp1oOOjOtFA5v37Wd8Vj8vVZ3cYF77p31q
4GmIQJwp1oOOjOtFA5v37Wd8Vj8vVZ3cYF77p31q
[info] loading modules: constants, services, controllers, apis
[info] loading middlewares: error, session, render
[info] loading route config
[success] server started at 121.42.144.117:2111
undefined
zR6UsI9YJLyXC5IWY0tULMkxfE8Lk0PVmOsSrIDy
[info] loading modules: constants, services, controllers, apis
[info] loading middlewares: error, session, render
[info] loading route config
[success] server started at 121.42.144.117:2111
undefined
0CJX49XS0Vp3Ur0HQ7OnnzsJ3pfPn424w24mDvT0
0CJX49XS0Vp3Ur0HQ7OnnzsJ3pfPn424w24mDvT0
0CJX49XS0Vp3Ur0HQ7OnnzsJ3pfPn424w24mDvT0
0CJX49XS0Vp3Ur0HQ7OnnzsJ3pfPn424w24mDvT0
0CJX49XS0Vp3Ur0HQ7OnnzsJ3pfPn424w24mDvT0
0CJX49XS0Vp3Ur0HQ7OnnzsJ3pfPn424w24mDvT0
0CJX49XS0Vp3Ur0HQ7OnnzsJ3pfPn424w24mDvT0
0CJX49XS0Vp3Ur0HQ7OnnzsJ3pfPn424w24mDvT0
0CJX49XS0Vp3Ur0HQ7OnnzsJ3pfPn424w24mDvT0
0CJX49XS0Vp3Ur0HQ7OnnzsJ3pfPn424w24mDvT0
0CJX49XS0Vp3Ur0HQ7OnnzsJ3pfPn424w24mDvT0
0CJX49XS0Vp3Ur0HQ7OnnzsJ3pfPn424w24mDvT0
0CJX49XS0Vp3Ur0HQ7OnnzsJ3pfPn424w24mDvT0
0CJX49XS0Vp3Ur0HQ7OnnzsJ3pfPn424w24mDvT0
0CJX49XS0Vp3Ur0HQ7OnnzsJ3pfPn424w24mDvT0
0CJX49XS0Vp3Ur0HQ7OnnzsJ3pfPn424w24mDvT0
0CJX49XS0Vp3Ur0HQ7OnnzsJ3pfPn424w24mDvT0
0CJX49XS0Vp3Ur0HQ7OnnzsJ3pfPn424w24mDvT0
0CJX49XS0Vp3Ur0HQ7OnnzsJ3pfPn424w24mDvT0
0CJX49XS0Vp3Ur0HQ7OnnzsJ3pfPn424w24mDvT0
0CJX49XS0Vp3Ur0HQ7OnnzsJ3pfPn424w24mDvT0
0CJX49XS0Vp3Ur0HQ7OnnzsJ3pfPn424w24mDvT0
0CJX49XS0Vp3Ur0HQ7OnnzsJ3pfPn424w24mDvT0
0CJX49XS0Vp3Ur0HQ7OnnzsJ3pfPn424w24mDvT0
0CJX49XS0Vp3Ur0HQ7OnnzsJ3pfPn424w24mDvT0
undefined
QMY7yYLJYJEXCptTf2phvBXlo44yiWk8jzYZXjUV
QMY7yYLJYJEXCptTf2phvBXlo44yiWk8jzYZXjUV
[info] loading modules: constants, services, controllers, apis
[info] loading middlewares: error, session, render
[info] loading route config
[success] server started at 121.42.144.117:2111
undefined
ehz3r6MAliLxKrR1WZQOpxxqjDtB1WiZkmYCUQCk
ehz3r6MAliLxKrR1WZQOpxxqjDtB1WiZkmYCUQCk
ehz3r6MAliLxKrR1WZQOpxxqjDtB1WiZkmYCUQCk
[info] loading modules: constants, services, controllers, apis
[info] loading middlewares: error, session, render
[info] loading route config
[success] server started at 121.42.144.117:2111
